Arguments: 
  /nix/store/aiws68m5jpsgmql4bq55hxw23782yds7-nodejs-14.16.0/bin/node /home/solarliner/.nix-profile/bin/yarn add @opentelemetry/core @opentelemetry/instrumentation- @opentelemetry/instrumentation-document-load @opentelemetry/instrumentation-fetch @opentelemetry/web

PATH: 
  /home/solarliner/.nix-profile/bin:/home/solarliner/.local/bin:/home/solarliner/.nix-profile/bin:/home/solarliner/.local/bin:/usr/local/sbin:/usr/local/bin:/usr/sbin:/usr/bin:/sbin:/bin:/usr/games:/usr/local/games:/snap/bin:/home/solarliner/.zsh/plugins/zsh-256color:/home/solarliner/.zsh/plugins/fast-syntax-highlighting:/home/solarliner/.zsh/plugins/bullet-train

Yarn version: 
  1.22.10

Node version: 
  14.16.0

Platform: 
  linux x64

Trace: 
  Error: https://registry.yarnpkg.com/@opentelemetry%2finstrumentation-: Not found
      at Request.params.callback [as _callback] (/nix/store/ghz3im6l4z3byw9aqxv3p4pcvymfw4l4-yarn-1.22.10/libexec/yarn/lib/cli.js:66988:18)
      at Request.self.callback (/nix/store/ghz3im6l4z3byw9aqxv3p4pcvymfw4l4-yarn-1.22.10/libexec/yarn/lib/cli.js:140749:22)
      at Request.emit (events.js:315:20)
      at Request.<anonymous> (/nix/store/ghz3im6l4z3byw9aqxv3p4pcvymfw4l4-yarn-1.22.10/libexec/yarn/lib/cli.js:141721:10)
      at Request.emit (events.js:315:20)
      at IncomingMessage.<anonymous> (/nix/store/ghz3im6l4z3byw9aqxv3p4pcvymfw4l4-yarn-1.22.10/libexec/yarn/lib/cli.js:141643:12)
      at Object.onceWrapper (events.js:421:28)
      at IncomingMessage.emit (events.js:327:22)
      at endReadableNT (internal/streams/readable.js:1327:12)
      at processTicksAndRejections (internal/process/task_queues.js:80:21)

npm manifest: 
  {
    "name": "otel-fetch-repro",
    "version": "0.0.0",
    "scripts": {
      "dev": "vite",
      "build": "tsc && vite build",
      "serve": "vite preview"
    },
    "dependencies": {
      "preact": "^10.5.13"
    },
    "devDependencies": {
      "@preact/preset-vite": "^2.0.0",
      "typescript": "^4.1.3",
      "vite": "^2.2.3"
    }
  }

yarn manifest: 
  No manifest

Lockfile: 
  No lockfile
